This file contains any messages produced by compilers while
running configure, to aid debugging if configure makes a mistake.

It was created by haserl configure 0.9.29, which was
generated by GNU Autoconf 2.68.  Invocation command line was

  $ ./configure 

## --------- ##
## Platform. ##
## --------- ##

hostname = router-Vostro-3446
uname -m = x86_64
uname -r = 4.4.0-36-generic
uname -s = Linux
uname -v = #55-Ubuntu SMP Thu Aug 11 18:01:55 UTC 2016

/usr/bin/uname -p = unknown
/bin/uname -X     = unknown

/bin/arch              = unknown
/usr/bin/arch -k       = unknown
/usr/convex/getsysinfo = unknown
/usr/bin/hostinfo      = unknown
/bin/machine           = unknown
/usr/bin/oslevel       = unknown
/bin/universe          = unknown

PATH: /home/nickli/bin
PATH: /home/nickli/.local/bin
PATH: /usr/local/sbin
PATH: /usr/local/bin
PATH: /usr/sbin
PATH: /usr/bin
PATH: /sbin
PATH: /bin
PATH: /usr/games
PATH: /usr/local/games
PATH: /snap/bin


## ----------- ##
## Core tests. ##
## ----------- ##

configure:2249: checking for a BSD-compatible install
configure:2317: result: /usr/bin/install -c
configure:2328: checking whether build environment is sane
configure:2378: result: yes
configure:2519: checking for a thread-safe mkdir -p
configure:2558: result: /bin/mkdir -p
configure:2571: checking for gawk
configure:2601: result: no
configure:2571: checking for mawk
configure:2587: found /usr/bin/mawk
configure:2598: result: mawk
configure:2609: checking whether make sets $(MAKE)
configure:2631: result: yes
configure:2761: checking for gcc
configure:2777: found /usr/bin/gcc
configure:2788: result: gcc
configure:3017: checking for C compiler version
configure:3026: gcc --version >&5
gcc (Ubuntu 5.4.0-6ubuntu1~16.04.2) 5.4.0 20160609
Copyright (C) 2015 Free Software Foundation, Inc.
This is free software; see the source for copying conditions.  There is NO
warranty; not even for MERCHANTABILITY or FITNESS FOR A PARTICULAR PURPOSE.

configure:3037: $? = 0
configure:3026: gcc -v >&5
Using built-in specs.
COLLECT_GCC=gcc
COLLECT_LTO_WRAPPER=/usr/lib/gcc/x86_64-linux-gnu/5/lto-wrapper
Target: x86_64-linux-gnu
Configured with: ../src/configure -v --with-pkgversion='Ubuntu 5.4.0-6ubuntu1~16.04.2' --with-bugurl=file:///usr/share/doc/gcc-5/README.Bugs --enable-languages=c,ada,c++,java,go,d,fortran,objc,obj-c++ --prefix=/usr --program-suffix=-5 --enable-shared --enable-linker-build-id --libexecdir=/usr/lib --without-included-gettext --enable-threads=posix --libdir=/usr/lib --enable-nls --with-sysroot=/ --enable-clocale=gnu --enable-libstdcxx-debug --enable-libstdcxx-time=yes --with-default-libstdcxx-abi=new --enable-gnu-unique-object --disable-vtable-verify --enable-libmpx --enable-plugin --with-system-zlib --disable-browser-plugin --enable-java-awt=gtk --enable-gtk-cairo --with-java-home=/usr/lib/jvm/java-1.5.0-gcj-5-amd64/jre --enable-java-home --with-jvm-root-dir=/usr/lib/jvm/java-1.5.0-gcj-5-amd64 --with-jvm-jar-dir=/usr/lib/jvm-exports/java-1.5.0-gcj-5-amd64 --with-arch-directory=amd64 --with-ecj-jar=/usr/share/java/eclipse-ecj.jar --enable-objc-gc --enable-multiarch --disable-werror --with-arch-32=i686 --with-abi=m64 --with-multilib-list=m32,m64,mx32 --enable-multilib --with-tune=generic --enable-checking=release --build=x86_64-linux-gnu --host=x86_64-linux-gnu --target=x86_64-linux-gnu
Thread model: posix
gcc version 5.4.0 20160609 (Ubuntu 5.4.0-6ubuntu1~16.04.2) 
configure:3037: $? = 0
configure:3026: gcc -V >&5
gcc: error: unrecognized command line option '-V'
gcc: fatal error: no input files
compilation terminated.
configure:3037: $? = 1
configure:3026: gcc -qversion >&5
gcc: error: unrecognized command line option '-qversion'
gcc: fatal error: no input files
compilation terminated.
configure:3037: $? = 1
configure:3057: checking whether the C compiler works
configure:3079: gcc    conftest.c  >&5
configure:3083: $? = 0
configure:3131: result: yes
configure:3134: checking for C compiler default output file name
configure:3136: result: a.out
configure:3142: checking for suffix of executables
configure:3149: gcc -o conftest    conftest.c  >&5
configure:3153: $? = 0
configure:3175: result: 
configure:3197: checking whether we are cross compiling
configure:3205: gcc -o conftest    conftest.c  >&5
configure:3209: $? = 0
configure:3216: ./conftest
configure:3220: $? = 0
configure:3235: result: no
configure:3240: checking for suffix of object files
configure:3262: gcc -c   conftest.c >&5
configure:3266: $? = 0
configure:3287: result: o
configure:3291: checking whether we are using the GNU C compiler
configure:3310: gcc -c   conftest.c >&5
configure:3310: $? = 0
configure:3319: result: yes
configure:3328: checking whether gcc accepts -g
configure:3348: gcc -c -g  conftest.c >&5
configure:3348: $? = 0
configure:3389: result: yes
configure:3406: checking for gcc option to accept ISO C89
configure:3470: gcc  -c -g -O2  conftest.c >&5
configure:3470: $? = 0
configure:3483: result: none needed
configure:3514: checking for style of include used by make
configure:3542: result: GNU
configure:3567: checking dependency style of gcc
configure:3677: result: gcc3
configure:3693: checking whether ln -s works
configure:3697: result: yes
configure:3728: checking how to run the C preprocessor
configure:3759: gcc -E  conftest.c
configure:3759: $? = 0
configure:3773: gcc -E  conftest.c
conftest.c:11:28: fatal error: ac_nonexistent.h: No such file or directory
compilation terminated.
configure:3773: $? = 1
configure: failed program was:
| /* confdefs.h */
| #define PACKAGE_NAME "haserl"
| #define PACKAGE_TARNAME "haserl"
| #define PACKAGE_VERSION "0.9.29"
| #define PACKAGE_STRING "haserl 0.9.29"
| #define PACKAGE_BUGREPORT "Nathan Angelacos - nangel@users.sourceforge.net"
| #define PACKAGE_URL ""
| #define PACKAGE "haserl"
| #define VERSION "0.9.29"
| /* end confdefs.h.  */
| #include <ac_nonexistent.h>
configure:3798: result: gcc -E
configure:3818: gcc -E  conftest.c
configure:3818: $? = 0
configure:3832: gcc -E  conftest.c
conftest.c:11:28: fatal error: ac_nonexistent.h: No such file or directory
compilation terminated.
configure:3832: $? = 1
configure: failed program was:
| /* confdefs.h */
| #define PACKAGE_NAME "haserl"
| #define PACKAGE_TARNAME "haserl"
| #define PACKAGE_VERSION "0.9.29"
| #define PACKAGE_STRING "haserl 0.9.29"
| #define PACKAGE_BUGREPORT "Nathan Angelacos - nangel@users.sourceforge.net"
| #define PACKAGE_URL ""
| #define PACKAGE "haserl"
| #define VERSION "0.9.29"
| /* end confdefs.h.  */
| #include <ac_nonexistent.h>
configure:3861: checking for grep that handles long lines and -e
configure:3919: result: /bin/grep
configure:3924: checking for egrep
configure:3986: result: /bin/grep -E
configure:3991: checking for ANSI C header files
configure:4011: gcc -c -g -O2  conftest.c >&5
configure:4011: $? = 0
configure:4084: gcc -o conftest -g -O2   conftest.c  >&5
configure:4084: $? = 0
configure:4084: ./conftest
configure:4084: $? = 0
configure:4095: result: yes
configure:4110: checking for sys/types.h
configure:4110: gcc -c -g -O2  conftest.c >&5
configure:4110: $? = 0
configure:4110: result: yes
configure:4110: checking for sys/stat.h
configure:4110: gcc -c -g -O2  conftest.c >&5
configure:4110: $? = 0
configure:4110: result: yes
configure:4110: checking for stdlib.h
configure:4110: gcc -c -g -O2  conftest.c >&5
configure:4110: $? = 0
configure:4110: result: yes
configure:4110: checking for string.h
configure:4110: gcc -c -g -O2  conftest.c >&5
configure:4110: $? = 0
configure:4110: result: yes
configure:4110: checking for memory.h
configure:4110: gcc -c -g -O2  conftest.c >&5
configure:4110: $? = 0
configure:4110: result: yes
configure:4110: checking for strings.h
configure:4110: gcc -c -g -O2  conftest.c >&5
configure:4110: $? = 0
configure:4110: result: yes
configure:4110: checking for inttypes.h
configure:4110: gcc -c -g -O2  conftest.c >&5
configure:4110: $? = 0
configure:4110: result: yes
configure:4110: checking for stdint.h
configure:4110: gcc -c -g -O2  conftest.c >&5
configure:4110: $? = 0
configure:4110: result: yes
configure:4110: checking for unistd.h
configure:4110: gcc -c -g -O2  conftest.c >&5
configure:4110: $? = 0
configure:4110: result: yes
configure:4125: checking for stdlib.h
configure:4125: result: yes
configure:4125: checking for string.h
configure:4125: result: yes
configure:4125: checking for unistd.h
configure:4125: result: yes
configure:4125: checking signal.h usability
configure:4125: gcc -c -g -O2  conftest.c >&5
configure:4125: $? = 0
configure:4125: result: yes
configure:4125: checking signal.h presence
configure:4125: gcc -E  conftest.c
configure:4125: $? = 0
configure:4125: result: yes
configure:4125: checking for signal.h
configure:4125: result: yes
configure:4137: checking for an ANSI C-conforming const
configure:4202: gcc -c -g -O2  conftest.c >&5
configure:4202: $? = 0
configure:4209: result: yes
configure:4217: checking for size_t
configure:4217: gcc -c -g -O2  conftest.c >&5
configure:4217: $? = 0
configure:4217: gcc -c -g -O2  conftest.c >&5
conftest.c: In function 'main':
conftest.c:61:21: error: expected expression before ')' token
 if (sizeof ((size_t)))
                     ^
configure:4217: $? = 1
configure: failed program was:
| /* confdefs.h */
| #define PACKAGE_NAME "haserl"
| #define PACKAGE_TARNAME "haserl"
| #define PACKAGE_VERSION "0.9.29"
| #define PACKAGE_STRING "haserl 0.9.29"
| #define PACKAGE_BUGREPORT "Nathan Angelacos - nangel@users.sourceforge.net"
| #define PACKAGE_URL ""
| #define PACKAGE "haserl"
| #define VERSION "0.9.29"
| #define STDC_HEADERS 1
| #define HAVE_SYS_TYPES_H 1
| #define HAVE_SYS_STAT_H 1
| #define HAVE_STDLIB_H 1
| #define HAVE_STRING_H 1
| #define HAVE_MEMORY_H 1
| #define HAVE_STRINGS_H 1
| #define HAVE_INTTYPES_H 1
| #define HAVE_STDINT_H 1
| #define HAVE_UNISTD_H 1
| #define HAVE_STDLIB_H 1
| #define HAVE_STRING_H 1
| #define HAVE_UNISTD_H 1
| #define HAVE_SIGNAL_H 1
| /* end confdefs.h.  */
| #include <stdio.h>
| #ifdef HAVE_SYS_TYPES_H
| # include <sys/types.h>
| #endif
| #ifdef HAVE_SYS_STAT_H
| # include <sys/stat.h>
| #endif
| #ifdef STDC_HEADERS
| # include <stdlib.h>
| # include <stddef.h>
| #else
| # ifdef HAVE_STDLIB_H
| #  include <stdlib.h>
| # endif
| #endif
| #ifdef HAVE_STRING_H
| # if !defined STDC_HEADERS && defined HAVE_MEMORY_H
| #  include <memory.h>
| # endif
| # include <string.h>
| #endif
| #ifdef HAVE_STRINGS_H
| # include <strings.h>
| #endif
| #ifdef HAVE_INTTYPES_H
| # include <inttypes.h>
| #endif
| #ifdef HAVE_STDINT_H
| # include <stdint.h>
| #endif
| #ifdef HAVE_UNISTD_H
| # include <unistd.h>
| #endif
| int
| main ()
| {
| if (sizeof ((size_t)))
| 	    return 0;
|   ;
|   return 0;
| }
configure:4217: result: yes
configure:4230: checking for working memcmp
configure:4273: gcc -o conftest -g -O2   conftest.c  >&5
configure:4273: $? = 0
configure:4273: ./conftest
configure:4273: $? = 0
configure:4283: result: yes
configure:4295: checking for memset
configure:4295: gcc -o conftest -g -O2   conftest.c  >&5
conftest.c:48:6: warning: conflicting types for built-in function 'memset'
 char memset ();
      ^
configure:4295: $? = 0
configure:4295: result: yes
configure:4295: checking for putenv
configure:4295: gcc -o conftest -g -O2   conftest.c  >&5
configure:4295: $? = 0
configure:4295: result: yes
configure:4295: checking for strcasecmp
configure:4295: gcc -o conftest -g -O2   conftest.c  >&5
conftest.c:50:6: warning: conflicting types for built-in function 'strcasecmp'
 char strcasecmp ();
      ^
configure:4295: $? = 0
configure:4295: result: yes
configure:4295: checking for strdup
configure:4295: gcc -o conftest -g -O2   conftest.c  >&5
conftest.c:51:6: warning: conflicting types for built-in function 'strdup'
 char strdup ();
      ^
configure:4295: $? = 0
configure:4295: result: yes
configure:4295: checking for strncasecmp
configure:4295: gcc -o conftest -g -O2   conftest.c  >&5
conftest.c:52:6: warning: conflicting types for built-in function 'strncasecmp'
 char strncasecmp ();
      ^
configure:4295: $? = 0
configure:4295: result: yes
configure:4295: checking for strstr
configure:4295: gcc -o conftest -g -O2   conftest.c  >&5
conftest.c:53:6: warning: conflicting types for built-in function 'strstr'
 char strstr ();
      ^
configure:4295: $? = 0
configure:4295: result: yes
configure:4783: creating ./config.status

## ---------------------- ##
## Running config.status. ##
## ---------------------- ##

This file was extended by haserl config.status 0.9.29, which was
generated by GNU Autoconf 2.68.  Invocation command line was

  CONFIG_FILES    = 
  CONFIG_HEADERS  = 
  CONFIG_LINKS    = 
  CONFIG_COMMANDS = 
  $ ./config.status 

on router-Vostro-3446

config.status:887: creating Makefile
config.status:887: creating src/Makefile
config.status:887: creating doc/Makefile
config.status:887: creating src/config.h
config.status:1116: executing depfiles commands
configure:6122: result:
** Configuration summary for haserl 0.9.29:

	Building haserl with with lua disabled
	Building haserl with with bash-extensions disabled
	libs: 


## ---------------- ##
## Cache variables. ##
## ---------------- ##

ac_cv_c_compiler_gnu=yes
ac_cv_c_const=yes
ac_cv_env_CC_set=
ac_cv_env_CC_value=
ac_cv_env_CFLAGS_set=
ac_cv_env_CFLAGS_value=
ac_cv_env_CPPFLAGS_set=
ac_cv_env_CPPFLAGS_value=
ac_cv_env_CPP_set=
ac_cv_env_CPP_value=
ac_cv_env_LDFLAGS_set=
ac_cv_env_LDFLAGS_value=
ac_cv_env_LIBS_set=
ac_cv_env_LIBS_value=
ac_cv_env_build_alias_set=
ac_cv_env_build_alias_value=
ac_cv_env_host_alias_set=
ac_cv_env_host_alias_value=
ac_cv_env_target_alias_set=
ac_cv_env_target_alias_value=
ac_cv_func_memcmp_working=yes
ac_cv_func_memset=yes
ac_cv_func_putenv=yes
ac_cv_func_strcasecmp=yes
ac_cv_func_strdup=yes
ac_cv_func_strncasecmp=yes
ac_cv_func_strstr=yes
ac_cv_header_inttypes_h=yes
ac_cv_header_memory_h=yes
ac_cv_header_signal_h=yes
ac_cv_header_stdc=yes
ac_cv_header_stdint_h=yes
ac_cv_header_stdlib_h=yes
ac_cv_header_string_h=yes
ac_cv_header_strings_h=yes
ac_cv_header_sys_stat_h=yes
ac_cv_header_sys_types_h=yes
ac_cv_header_unistd_h=yes
ac_cv_objext=o
ac_cv_path_EGREP='/bin/grep -E'
ac_cv_path_GREP=/bin/grep
ac_cv_path_install='/usr/bin/install -c'
ac_cv_path_mkdir=/bin/mkdir
ac_cv_prog_AWK=mawk
ac_cv_prog_CPP='gcc -E'
ac_cv_prog_ac_ct_CC=gcc
ac_cv_prog_cc_c89=
ac_cv_prog_cc_g=yes
ac_cv_prog_make_make_set=yes
ac_cv_type_size_t=yes
am_cv_CC_dependencies_compiler_type=gcc3

## ----------------- ##
## Output variables. ##
## ----------------- ##

ACLOCAL='${SHELL} /home/nickli/workTest/wireless/ubunt_server/spectrum_phase3_delivery/haserl-0.9.29/missing --run aclocal-1.11'
AMDEPBACKSLASH='\'
AMDEP_FALSE='#'
AMDEP_TRUE=''
AMTAR='${SHELL} /home/nickli/workTest/wireless/ubunt_server/spectrum_phase3_delivery/haserl-0.9.29/missing --run tar'
AUTOCONF='${SHELL} /home/nickli/workTest/wireless/ubunt_server/spectrum_phase3_delivery/haserl-0.9.29/missing --run autoconf'
AUTOHEADER='${SHELL} /home/nickli/workTest/wireless/ubunt_server/spectrum_phase3_delivery/haserl-0.9.29/missing --run autoheader'
AUTOMAKE='${SHELL} /home/nickli/workTest/wireless/ubunt_server/spectrum_phase3_delivery/haserl-0.9.29/missing --run automake-1.11'
AWK='mawk'
BASHEXTENSIONS_FALSE=''
BASHEXTENSIONS_TRUE='#'
CC='gcc'
CCDEPMODE='depmode=gcc3'
CC_FOR_BUILD='gcc'
CFLAGS='-g -O2 -Wall'
CFLAGS_FOR_BUILD='-g -O2'
CPP='gcc -E'
CPPFLAGS=''
CYGPATH_W='echo'
DEFS='-DHAVE_CONFIG_H'
DEPDIR='.deps'
ECHO_C=''
ECHO_N='-n'
ECHO_T=''
EGREP='/bin/grep -E'
EXEEXT=''
GREP='/bin/grep'
INCLUDE_BASHSHELL_FALSE='#'
INCLUDE_BASHSHELL_TRUE=''
INCLUDE_LUACSHELL_FALSE=''
INCLUDE_LUACSHELL_TRUE='#'
INCLUDE_LUASHELL_FALSE=''
INCLUDE_LUASHELL_TRUE='#'
INSTALL_DATA='${INSTALL} -m 644'
INSTALL_PROGRAM='${INSTALL}'
INSTALL_SCRIPT='${INSTALL}'
INSTALL_STRIP_PROGRAM='$(install_sh) -c -s'
LDFLAGS=''
LIBOBJS=''
LIBS=''
LN_S='ln -s'
LTLIBOBJS=''
MAKEINFO='${SHELL} /home/nickli/workTest/wireless/ubunt_server/spectrum_phase3_delivery/haserl-0.9.29/missing --run makeinfo'
MKDIR_P='/bin/mkdir -p'
OBJEXT='o'
PACKAGE='haserl'
PACKAGE_BUGREPORT='Nathan Angelacos - nangel@users.sourceforge.net'
PACKAGE_NAME='haserl'
PACKAGE_STRING='haserl 0.9.29'
PACKAGE_TARNAME='haserl'
PACKAGE_URL=''
PACKAGE_VERSION='0.9.29'
PATH_SEPARATOR=':'
SET_MAKE=''
SHELL='/bin/bash'
STRIP=''
USE_LUA_FALSE=''
USE_LUA_TRUE='#'
VERSION='0.9.29'
ac_ct_CC='gcc'
am__EXEEXT_FALSE=''
am__EXEEXT_TRUE='#'
am__fastdepCC_FALSE='#'
am__fastdepCC_TRUE=''
am__include='include'
am__isrc=''
am__leading_dot='.'
am__quote=''
am__tar='${AMTAR} chof - "$$tardir"'
am__untar='${AMTAR} xf -'
bindir='${exec_prefix}/bin'
build_alias=''
datadir='${datarootdir}'
datarootdir='${prefix}/share'
docdir='${datarootdir}/doc/${PACKAGE_TARNAME}'
dvidir='${docdir}'
exec_prefix='${prefix}'
host_alias=''
htmldir='${docdir}'
includedir='${prefix}/include'
infodir='${datarootdir}/info'
install_sh='${SHELL} /home/nickli/workTest/wireless/ubunt_server/spectrum_phase3_delivery/haserl-0.9.29/install-sh'
libdir='${exec_prefix}/lib'
libexecdir='${exec_prefix}/libexec'
localedir='${datarootdir}/locale'
localstatedir='${prefix}/var'
mandir='${datarootdir}/man'
mkdir_p='/bin/mkdir -p'
oldincludedir='/usr/include'
pdfdir='${docdir}'
prefix='/usr/local'
program_transform_name='s,x,x,'
psdir='${docdir}'
sbindir='${exec_prefix}/sbin'
sharedstatedir='${prefix}/com'
sysconfdir='${prefix}/etc'
target_alias=''

## ----------- ##
## confdefs.h. ##
## ----------- ##

/* confdefs.h */
#define PACKAGE_NAME "haserl"
#define PACKAGE_TARNAME "haserl"
#define PACKAGE_VERSION "0.9.29"
#define PACKAGE_STRING "haserl 0.9.29"
#define PACKAGE_BUGREPORT "Nathan Angelacos - nangel@users.sourceforge.net"
#define PACKAGE_URL ""
#define PACKAGE "haserl"
#define VERSION "0.9.29"
#define STDC_HEADERS 1
#define HAVE_SYS_TYPES_H 1
#define HAVE_SYS_STAT_H 1
#define HAVE_STDLIB_H 1
#define HAVE_STRING_H 1
#define HAVE_MEMORY_H 1
#define HAVE_STRINGS_H 1
#define HAVE_INTTYPES_H 1
#define HAVE_STDINT_H 1
#define HAVE_UNISTD_H 1
#define HAVE_STDLIB_H 1
#define HAVE_STRING_H 1
#define HAVE_UNISTD_H 1
#define HAVE_SIGNAL_H 1
#define HAVE_MEMSET 1
#define HAVE_PUTENV 1
#define HAVE_STRCASECMP 1
#define HAVE_STRDUP 1
#define HAVE_STRNCASECMP 1
#define HAVE_STRSTR 1
#define _GNU_SOURCE /**/
#define INCLUDE_BASHSHELL /**/
#define SUBSHELL_CMD "/bin/sh"

configure: exit 0
