autoscan: warning: missing AC_CHECK_FUNCS([gethostbyname]) wanted by: 
	ez-ipupdate.c:1305
autoscan: warning: missing AC_CHECK_FUNCS([getpass]) wanted by: 
	getpass.c:70
	ez-ipupdate.c:2286
autoscan: warning: missing AC_CHECK_FUNCS([memset]) wanted by: 
	ez-ipupdate.c:1561
	ez-ipupdate.c:1567
	ez-ipupdate.c:1574
	ez-ipupdate.c:1592
	ez-ipupdate.c:2357
	ez-ipupdate.c:2487
autoscan: warning: missing AC_CHECK_FUNCS([select]) wanted by: 
	ez-ipupdate.c:1364
	ez-ipupdate.c:1479
	ez-ipupdate.c:1523
	ez-ipupdate.c:1526
autoscan: warning: missing AC_CHECK_FUNCS([strchr]) wanted by: 
	ez-ipupdate.c:763
	ez-ipupdate.c:764
	ez-ipupdate.c:765
	ez-ipupdate.c:921
	ez-ipupdate.c:991
	ez-ipupdate.c:2369
autoscan: warning: missing AC_CHECK_FUNCS([strstr]) wanted by: 
	ez-ipupdate.c:1750
	ez-ipupdate.c:1758
	ez-ipupdate.c:1766
	ez-ipupdate.c:1893
	ez-ipupdate.c:1905
	ez-ipupdate.c:1910
	ez-ipupdate.c:1915
	ez-ipupdate.c:1920
	ez-ipupdate.c:1925
	ez-ipupdate.c:1936
	ez-ipupdate.c:1944
	ez-ipupdate.c:1949
	ez-ipupdate.c:1954
	ez-ipupdate.c:1959
	ez-ipupdate.c:1961
	ez-ipupdate.c:1966
	ez-ipupdate.c:1971
	ez-ipupdate.c:1976
	ez-ipupdate.c:1983
	ez-ipupdate.c:1989
autoscan: warning: missing AC_CHECK_FUNCS([strtol]) wanted by: 
	ez-ipupdate.c:679
autoscan: warning: missing AC_CHECK_FUNCS([strtoul]) wanted by: 
	cache_file.c:137
autoscan: warning: missing AC_CHECK_HEADERS([limits.h]) wanted by: 
	md5.h:35
autoscan: warning: missing AC_CHECK_HEADERS([sys/ioctl.h]) wanted by: 
	ez-ipupdate.c:157
autoscan: warning: missing AC_CHECK_HEADERS([termio.h]) wanted by: 
	getpass.c:60
autoscan: warning: missing AC_CHECK_HEADERS([termios.h]) wanted by: 
	getpass.c:57
autoscan: warning: missing AC_FUNC_FORK wanted by: 
	ez-ipupdate.c:2337
	ez-ipupdate.c:2122
autoscan: warning: missing AC_FUNC_MALLOC wanted by: 
	ez-ipupdate.c:808
autoscan: warning: missing AC_PREREQ wanted by: 
	autoscan
autoscan: warning: missing AC_TYPE_PID_T wanted by: 
	pid_file.c:25
	pid_file.c:26
autoscan: warning: missing AC_TYPE_SIZE_T wanted by: 
	md5.h:107
	md5.h:114
	md5.h:145
	getpass.c:77
	md5.c:98
	md5.c:129
	md5.c:140
	md5.c:178
	md5.c:194
	md5.c:200
	md5.c:201
	md5.c:249
	md5.c:253
