*******New Instance******
main-opt.c: 601: 0 (Debug) DHCP Listen: 14.0.0.2
main-opt.c: 602: 0 (Debug) UAM Listen: 14.0.0.2
garden.c: 413: 0 (Debug) Uamallowed IP address #0:128: proto=0 host=14.0.0.2 port=4990
garden.c: 442: 0 (Debug) Uamallowed www.coova.org
garden.c: 413: 0 (Debug) Uamallowed IP address #1:128: proto=0 host=74.125.23.102 port=0
garden.c: 413: 0 (Debug) Uamallowed IP address #2:128: proto=0 host=74.125.23.138 port=0
garden.c: 413: 0 (Debug) Uamallowed IP address #3:128: proto=0 host=74.125.23.100 port=0
garden.c: 413: 0 (Debug) Uamallowed IP address #4:128: proto=0 host=74.125.23.139 port=0
garden.c: 413: 0 (Debug) Uamallowed IP address #5:128: proto=0 host=74.125.23.113 port=0
garden.c: 413: 0 (Debug) Uamallowed IP address #6:128: proto=0 host=74.125.23.101 port=0
garden.c: 442: 0 (Debug) Uamallowed 14.0.0.2
garden.c: 413: 0 (Debug) Uamallowed IP address #7:128: proto=0 host=14.0.0.2 port=0
garden.c: 442: 0 (Debug) Uamallowed www.coova.org
garden.c: 386: 0 (Debug) Uamallowed already exists #2:128: proto=0 host=74.125.23.138 port=0
garden.c: 386: 0 (Debug) Uamallowed already exists #3:128: proto=0 host=74.125.23.100 port=0
garden.c: 386: 0 (Debug) Uamallowed already exists #4:128: proto=0 host=74.125.23.139 port=0
garden.c: 386: 0 (Debug) Uamallowed already exists #5:128: proto=0 host=74.125.23.113 port=0
garden.c: 386: 0 (Debug) Uamallowed already exists #6:128: proto=0 host=74.125.23.101 port=0
garden.c: 386: 0 (Debug) Uamallowed already exists #1:128: proto=0 host=74.125.23.102 port=0
options.c: 442: 0 (Debug) PID 22721 saving options to /var/run/chilli.22720.cfg.bin
options.c: 651: 0 (Debug) PID 22720 reloaded binary options file
chilli.c: 7147: 0 (Debug) clock realtime sec 1475927956 nsec 220010920
chilli.c: 7152: 0 (Debug) clock monotonic sec 41177 nsec 909273198
tun.c: 604: 0 (Debug) TX queue length set to 100
tun.c: 1107: 0 (Debug) Running /etc/chilli/up.sh
ippool.c: 337: 0 (Debug) Hashlog 8 248 256
net.c: 1236: 0 (Debug) Net SNDBUF 212992
net.c: 1239: 0 (Debug) Net RCVBUF 212992
net.c: 1292: 0 (Debug) device br-com ifindex 25
net.c: 1308: 0 (Debug) lo  address family: 17 (AF_PACKET)
net.c: 1308: 0 (Debug) enp7s0  address family: 17 (AF_PACKET)
net.c: 1308: 0 (Debug) wlx08570005aaf9  address family: 17 (AF_PACKET)
net.c: 1308: 0 (Debug) enp7s0.5  address family: 17 (AF_PACKET)
net.c: 1308: 0 (Debug) gre0  address family: 17 (AF_PACKET)
net.c: 1308: 0 (Debug) gretap0  address family: 17 (AF_PACKET)
net.c: 1308: 0 (Debug) br-tap  address family: 17 (AF_PACKET)
net.c: 1308: 0 (Debug) gretap2  address family: 17 (AF_PACKET)
net.c: 1308: 0 (Debug) secgretap2  address family: 17 (AF_PACKET)
net.c: 1308: 0 (Debug) br-com  address family: 17 (AF_PACKET)
net.c: 1308: 0 (Debug) veth1  address family: 17 (AF_PACKET)
net.c: 1308: 0 (Debug) veth0  address family: 17 (AF_PACKET)
net.c: 1308: 0 (Debug) veth1.7  address family: 17 (AF_PACKET)
net.c: 1308: 0 (Debug) br-clr_comtap  address family: 17 (AF_PACKET)
net.c: 1308: 0 (Debug) gretap3  address family: 17 (AF_PACKET)
net.c: 1308: 0 (Debug) veth3  address family: 17 (AF_PACKET)
net.c: 1308: 0 (Debug) veth2  address family: 17 (AF_PACKET)
net.c: 1308: 0 (Debug) br-clr_com  address family: 17 (AF_PACKET)
net.c: 1308: 0 (Debug) lo  address family: 2 (AF_INET)
net.c: 1308: 0 (Debug) enp7s0  address family: 2 (AF_INET)
net.c: 1308: 0 (Debug) wlx08570005aaf9  address family: 2 (AF_INET)
net.c: 1308: 0 (Debug) enp7s0.5  address family: 2 (AF_INET)
net.c: 1308: 0 (Debug) enp7s0.5  address family: 2 (AF_INET)
net.c: 1308: 0 (Debug) enp7s0.5  address family: 2 (AF_INET)
net.c: 1308: 0 (Debug) tun0  address family: 2 (AF_INET)
net.c: 1308: 0 (Debug) lo  address family: 10 (AF_INET6)
net.c: 1308: 0 (Debug) enp7s0  address family: 10 (AF_INET6)
net.c: 1308: 0 (Debug) enp7s0  address family: 10 (AF_INET6)
net.c: 1308: 0 (Debug) wlx08570005aaf9  address family: 10 (AF_INET6)
net.c: 1308: 0 (Debug) enp7s0.5  address family: 10 (AF_INET6)
net.c: 1308: 0 (Debug) br-tap  address family: 10 (AF_INET6)
net.c: 1308: 0 (Debug) br-com  address family: 10 (AF_INET6)
net.c: 1323: 0 (Debug) address: <fe80::e0cc:85ff:fe25:2b2a%br-com>

net.c: 1308: 0 (Debug) veth1  address family: 10 (AF_INET6)
net.c: 1308: 0 (Debug) veth0  address family: 10 (AF_INET6)
net.c: 1308: 0 (Debug) veth1.7  address family: 10 (AF_INET6)
net.c: 1308: 0 (Debug) br-clr_comtap  address family: 10 (AF_INET6)
net.c: 1308: 0 (Debug) veth3  address family: 10 (AF_INET6)
net.c: 1308: 0 (Debug) veth2  address family: 10 (AF_INET6)
net.c: 1308: 0 (Debug) br-clr_com  address family: 10 (AF_INET6)
dhcp.c: 480: 0 (Debug) hash table size 512 (512)
dhcp.c: 332: 0 (Debug) GARP: Replying to broadcast
dhcp.c: 1172: 0 (Debug) dhcpif (br-com) IPv6 address fe80::e0cc:85ff:fe25:2b2a
radius.c: 1285: 0 (Debug) RADIUS client 0.0.0.0:0
chilli.c: 7296: 0 (Debug) Waiting for client request...
radius.c: 224: 0 (Debug) qnext=0
radius.c: 224: 0 (Debug) qnext=0
radius.c: 294: 0 (Debug) RADIUS queue-in id=0 idx=0
radius.c: 1505: 0 (Debug) RADIUS id=0 sent to 127.0.0.1:1813
radius.c: 224: 0 (Debug) qnext=1
radius.c: 1165: 0 (Debug) pw encode secret=secret
radius.c: 224: 0 (Debug) qnext=1
radius.c: 294: 0 (Debug) RADIUS queue-in id=1 idx=1
radius.c: 1505: 0 (Debug) RADIUS id=1 sent to 127.0.0.1:1812
net.c: 387: 0 (Debug) net select count: 1
net.c: 387: 0 (Debug) net select count: 2
net.c: 387: 0 (Debug) net select count: 3
net.c: 387: 0 (Debug) net select count: 4
net.c: 387: 0 (Debug) net select count: 5
net.c: 387: 0 (Debug) net select count: 6
net.c: 387: 0 (Debug) net select count: 7
net.c: 387: 0 (Debug) net select count: 8
dhcp.c: 3491: 0 (Debug) function dhcp_receive_ip()
dhcp.c: 3579: 0 (Debug) Not for our MAC or broadcast: 00-00-00-00-00-00
dhcp.c: 3491: 0 (Debug) function dhcp_receive_ip()
dhcp.c: 3579: 0 (Debug) Not for our MAC or broadcast: 00-00-00-00-00-00
dhcp.c: 3491: 0 (Debug) function dhcp_receive_ip()
dhcp.c: 3579: 0 (Debug) Not for our MAC or broadcast: 00-00-00-00-00-00
dhcp.c: 3491: 0 (Debug) function dhcp_receive_ip()
dhcp.c: 3579: 0 (Debug) Not for our MAC or broadcast: 00-00-00-00-00-00
dhcp.c: 3491: 0 (Debug) function dhcp_receive_ip()
dhcp.c: 3579: 0 (Debug) Not for our MAC or broadcast: 70-F9-6D-0B-7F-E8
dhcp.c: 3491: 0 (Debug) function dhcp_receive_ip()
dhcp.c: 3579: 0 (Debug) Not for our MAC or broadcast: 70-F9-6D-0B-7F-E8
chilli.c: 378: 0 (Debug) caught 17 via selfpipe
chilli.c: 309: 0 (Debug) child 22730 terminated
chilli.c: 2665: 0 (Debug) dropping packet with unknown destination: 14.0.0.11
radius.c: 439: 0 (Debug) Rescheduling RADIUS request id=0 idx=0
radius.c: 439: 0 (Debug) Rescheduling RADIUS request id=1 idx=1
chilli.c: 2665: 0 (Debug) dropping packet with unknown destination: 14.0.0.11
chilli.c: 2665: 0 (Debug) dropping packet with unknown destination: 14.0.0.11
chilli.c: 378: 0 (Debug) caught 2 via selfpipe
chilli.c: 335: 0 (Debug) SIGTERM: shutdown
chilli.c: 7535: 0 (Debug) CoovaChilli shutting down
radius.c: 224: 0 (Debug) qnext=2
radius.c: 224: 0 (Debug) qnext=2
radius.c: 294: 0 (Debug) RADIUS queue-in id=2 idx=2
radius.c: 1505: 0 (Debug) RADIUS id=2 sent to 127.0.0.1:1813
tun.c: 1107: 0 (Debug) Running /etc/chilli/down.sh
options.c: 681: 0 (Debug) Removing /var/run/chilli.22720.cfg.bin
